<?xml version="1.0" encoding="UTF-8"?>
<!-- Generated by org.testng.reporters.JUnitXMLReporter -->
<testsuite hostname="DESKTOP-G37V2UJ" name="Ikman App test" tests="4" failures="0" timestamp="7 Oct 2021 02:09:22 GMT" time="40.981" errors="0">
  <testcase name="login" time="8.86" classname="com.ikman.testCases.Login_ikman"/>
  <testcase name="verify_ikman_title" time="0.012" classname="com.ikman.testCases.Login_ikman"/>
  <testcase name="post_ikmn" time="11.068" classname="com.ikman.testCases.PostAd_ikman"/>
  <testcase name="setproperty_details" time="8.548" classname="com.ikman.testCases.PostAd_ikman"/>
</testsuite> <!-- Ikman App test -->
