<?xml version="1.0" encoding="UTF-8"?>
<!-- Generated by org.testng.reporters.JUnitXMLReporter -->
<testsuite hostname="DESKTOP-G37V2UJ" name="Ikman App test" tests="4" failures="0" timestamp="7 Oct 2021 01:32:49 GMT" time="42.581" errors="0">
  <testcase name="login" time="10.951" classname="com.ikman.testCases.Login_ikman"/>
  <testcase name="verify_ikman_title" time="0.285" classname="com.ikman.testCases.Login_ikman"/>
  <testcase name="post_ikmn" time="9.924" classname="com.ikman.testCases.PostAd_ikman"/>
  <testcase name="setproperty_details" time="7.976" classname="com.ikman.testCases.PostAd_ikman"/>
</testsuite> <!-- Ikman App test -->
